<?xml version="1.0" encoding="UTF-8"?>
<testsuite name="JUnit Jupiter" tests="77" skipped="0" failures="0" errors="0" time="0.114" hostname="i7-Giuseppe" timestamp="2020-05-26T19:11:02">
<properties>
[...]
</properties>
<testcase name="printPreviousMovesTest()" classname="it.uniba.test.java.it.uniba.testCases.CommandTest.HistoryTest" time="0.015">
<system-out><![CDATA[
unique-id: [engine:junit-jupiter]/[class:it.uniba.test.java.it.uniba.testCases.CommandTest.HistoryTest]/[method:printPreviousMovesTest()]
display-name: printPreviousMovesTest()
]]></system-out>
</testcase>
<testcase name="clearCapturedTest()" classname="it.uniba.test.java.it.uniba.testCases.CommandTest.HistoryTest" time="0">
<system-out><![CDATA[
unique-id: [engine:junit-jupiter]/[class:it.uniba.test.java.it.uniba.testCases.CommandTest.HistoryTest]/[method:clearCapturedTest()]
display-name: clearCapturedTest()
]]></system-out>
</testcase>
<testcase name="printCatchHistoryTest()" classname="it.uniba.test.java.it.uniba.testCases.CommandTest.HistoryTest" time="0">
<system-out><![CDATA[
unique-id: [engine:junit-jupiter]/[class:it.uniba.test.java.it.uniba.testCases.CommandTest.HistoryTest]/[method:printCatchHistoryTest()]
display-name: printCatchHistoryTest()
]]></system-out>
</testcase>
<testcase name="clearPreviousTest()" classname="it.uniba.test.java.it.uniba.testCases.CommandTest.HistoryTest" time="0">
<system-out><![CDATA[
unique-id: [engine:junit-jupiter]/[class:it.uniba.test.java.it.uniba.testCases.CommandTest.HistoryTest]/[method:clearPreviousTest()]
display-name: clearPreviousTest()
]]></system-out>
</testcase>
<testcase name="moveWhiteCaptureTest()" classname="it.uniba.test.java.it.uniba.testCases.PieceTest.QueenTest" time="0.001">
<system-out><![CDATA[
unique-id: [engine:junit-jupiter]/[class:it.uniba.test.java.it.uniba.testCases.PieceTest.QueenTest]/[method:moveWhiteCaptureTest()]
display-name: moveWhiteCaptureTest()
]]></system-out>
</testcase>
<testcase name="moveBlackTest()" classname="it.uniba.test.java.it.uniba.testCases.PieceTest.QueenTest" time="0">
<system-out><![CDATA[
unique-id: [engine:junit-jupiter]/[class:it.uniba.test.java.it.uniba.testCases.PieceTest.QueenTest]/[method:moveBlackTest()]
display-name: moveBlackTest()
]]></system-out>
</testcase>
<testcase name="moveBlackCaptureTest()" classname="it.uniba.test.java.it.uniba.testCases.PieceTest.QueenTest" time="0">
<system-out><![CDATA[
unique-id: [engine:junit-jupiter]/[class:it.uniba.test.java.it.uniba.testCases.PieceTest.QueenTest]/[method:moveBlackCaptureTest()]
display-name: moveBlackCaptureTest()
]]></system-out>
</testcase>
<testcase name="getIconBlackTest()" classname="it.uniba.test.java.it.uniba.testCases.PieceTest.QueenTest" time="0">
<system-out><![CDATA[
unique-id: [engine:junit-jupiter]/[class:it.uniba.test.java.it.uniba.testCases.PieceTest.QueenTest]/[method:getIconBlackTest()]
display-name: getIconBlackTest()
]]></system-out>
</testcase>
<testcase name="getValuePointTest()" classname="it.uniba.test.java.it.uniba.testCases.PieceTest.QueenTest" time="0">
<system-out><![CDATA[
unique-id: [engine:junit-jupiter]/[class:it.uniba.test.java.it.uniba.testCases.PieceTest.QueenTest]/[method:getValuePointTest()]
display-name: getValuePointTest()
]]></system-out>
</testcase>
<testcase name="moveWhiteTest()" classname="it.uniba.test.java.it.uniba.testCases.PieceTest.QueenTest" time="0">
<system-out><![CDATA[
unique-id: [engine:junit-jupiter]/[class:it.uniba.test.java.it.uniba.testCases.PieceTest.QueenTest]/[method:moveWhiteTest()]
display-name: moveWhiteTest()
]]></system-out>
</testcase>
<testcase name="getIconWhiteTest()" classname="it.uniba.test.java.it.uniba.testCases.PieceTest.QueenTest" time="0">
<system-out><![CDATA[
unique-id: [engine:junit-jupiter]/[class:it.uniba.test.java.it.uniba.testCases.PieceTest.QueenTest]/[method:getIconWhiteTest()]
display-name: getIconWhiteTest()
]]></system-out>
</testcase>
<testcase name="filterStartPosTest()" classname="it.uniba.test.java.it.uniba.testCases.ChecksTest.ChecksTest" time="0.002">
<system-out><![CDATA[
unique-id: [engine:junit-jupiter]/[class:it.uniba.test.java.it.uniba.testCases.ChecksTest.ChecksTest]/[method:filterStartPosTest()]
display-name: filterStartPosTest()
]]></system-out>
</testcase>
<testcase name="checkCoordinatesTest()" classname="it.uniba.test.java.it.uniba.testCases.ChecksTest.ChecksTest" time="0">
<system-out><![CDATA[
unique-id: [engine:junit-jupiter]/[class:it.uniba.test.java.it.uniba.testCases.ChecksTest.ChecksTest]/[method:checkCoordinatesTest()]
display-name: checkCoordinatesTest()
]]></system-out>
</testcase>
<testcase name="checkTurnTest()" classname="it.uniba.test.java.it.uniba.testCases.ChecksTest.ChecksTest" time="0">
<system-out><![CDATA[
unique-id: [engine:junit-jupiter]/[class:it.uniba.test.java.it.uniba.testCases.ChecksTest.ChecksTest]/[method:checkTurnTest()]
display-name: checkTurnTest()
]]></system-out>
</testcase>
<testcase name="reverseCheckCoordinatesTest()" classname="it.uniba.test.java.it.uniba.testCases.ChecksTest.ChecksTest" time="0">
<system-out><![CDATA[
unique-id: [engine:junit-jupiter]/[class:it.uniba.test.java.it.uniba.testCases.ChecksTest.ChecksTest]/[method:reverseCheckCoordinatesTest()]
display-name: reverseCheckCoordinatesTest()
]]></system-out>
</testcase>
<testcase name="numTranslationTest()" classname="it.uniba.test.java.it.uniba.testCases.ChecksTest.ChecksTest" time="0">
<system-out><![CDATA[
unique-id: [engine:junit-jupiter]/[class:it.uniba.test.java.it.uniba.testCases.ChecksTest.ChecksTest]/[method:numTranslationTest()]
display-name: numTranslationTest()
]]></system-out>
</testcase>
<testcase name="insAlgebricPosTest()" classname="it.uniba.test.java.it.uniba.testCases.ChecksTest.ChecksTest" time="0">
<system-out><![CDATA[
unique-id: [engine:junit-jupiter]/[class:it.uniba.test.java.it.uniba.testCases.ChecksTest.ChecksTest]/[method:insAlgebricPosTest()]
display-name: insAlgebricPosTest()
]]></system-out>
</testcase>
<testcase name="insShortAlgebricPosTest()" classname="it.uniba.test.java.it.uniba.testCases.ChecksTest.ChecksTest" time="0.001">
<system-out><![CDATA[
unique-id: [engine:junit-jupiter]/[class:it.uniba.test.java.it.uniba.testCases.ChecksTest.ChecksTest]/[method:insShortAlgebricPosTest()]
display-name: insShortAlgebricPosTest()
]]></system-out>
</testcase>
<testcase name="isCheckTest()" classname="it.uniba.test.java.it.uniba.testCases.ChecksTest.ChecksTest" time="0">
<system-out><![CDATA[
unique-id: [engine:junit-jupiter]/[class:it.uniba.test.java.it.uniba.testCases.ChecksTest.ChecksTest]/[method:isCheckTest()]
display-name: isCheckTest()
]]></system-out>
</testcase>
<testcase name="checkLegalMovesTest()" classname="it.uniba.test.java.it.uniba.testCases.ChecksTest.ChecksTest" time="0">
<system-out><![CDATA[
unique-id: [engine:junit-jupiter]/[class:it.uniba.test.java.it.uniba.testCases.ChecksTest.ChecksTest]/[method:checkLegalMovesTest()]
display-name: checkLegalMovesTest()
]]></system-out>
</testcase>
<testcase name="moveBlackTest()" classname="it.uniba.test.java.it.uniba.testCases.PieceTest.KingTest" time="0">
<system-out><![CDATA[
unique-id: [engine:junit-jupiter]/[class:it.uniba.test.java.it.uniba.testCases.PieceTest.KingTest]/[method:moveBlackTest()]
display-name: moveBlackTest()
]]></system-out>
</testcase>
<testcase name="getIconBlackTest()" classname="it.uniba.test.java.it.uniba.testCases.PieceTest.KingTest" time="0">
<system-out><![CDATA[
unique-id: [engine:junit-jupiter]/[class:it.uniba.test.java.it.uniba.testCases.PieceTest.KingTest]/[method:getIconBlackTest()]
display-name: getIconBlackTest()
]]></system-out>
</testcase>
<testcase name="getValuePointTest()" classname="it.uniba.test.java.it.uniba.testCases.PieceTest.KingTest" time="0">
<system-out><![CDATA[
unique-id: [engine:junit-jupiter]/[class:it.uniba.test.java.it.uniba.testCases.PieceTest.KingTest]/[method:getValuePointTest()]
display-name: getValuePointTest()
]]></system-out>
</testcase>
<testcase name="moveWhiteTest()" classname="it.uniba.test.java.it.uniba.testCases.PieceTest.KingTest" time="0">
<system-out><![CDATA[
unique-id: [engine:junit-jupiter]/[class:it.uniba.test.java.it.uniba.testCases.PieceTest.KingTest]/[method:moveWhiteTest()]
display-name: moveWhiteTest()
]]></system-out>
</testcase>
<testcase name="getIconWhiteTest()" classname="it.uniba.test.java.it.uniba.testCases.PieceTest.KingTest" time="0">
<system-out><![CDATA[
unique-id: [engine:junit-jupiter]/[class:it.uniba.test.java.it.uniba.testCases.PieceTest.KingTest]/[method:getIconWhiteTest()]
display-name: getIconWhiteTest()
]]></system-out>
</testcase>
<testcase name="moveBlackTest()" classname="it.uniba.test.java.it.uniba.testCases.PieceTest.PawnTest" time="0">
<system-out><![CDATA[
unique-id: [engine:junit-jupiter]/[class:it.uniba.test.java.it.uniba.testCases.PieceTest.PawnTest]/[method:moveBlackTest()]
display-name: moveBlackTest()
]]></system-out>
</testcase>
<testcase name="enCaptureTest()" classname="it.uniba.test.java.it.uniba.testCases.PieceTest.PawnTest" time="0">
<system-out><![CDATA[
unique-id: [engine:junit-jupiter]/[class:it.uniba.test.java.it.uniba.testCases.PieceTest.PawnTest]/[method:enCaptureTest()]
display-name: enCaptureTest()
]]></system-out>
</testcase>
<testcase name="getIconBlackTest()" classname="it.uniba.test.java.it.uniba.testCases.PieceTest.PawnTest" time="0">
<system-out><![CDATA[
unique-id: [engine:junit-jupiter]/[class:it.uniba.test.java.it.uniba.testCases.PieceTest.PawnTest]/[method:getIconBlackTest()]
display-name: getIconBlackTest()
]]></system-out>
</testcase>
<testcase name="moveWhiteTest()" classname="it.uniba.test.java.it.uniba.testCases.PieceTest.PawnTest" time="0">
<system-out><![CDATA[
unique-id: [engine:junit-jupiter]/[class:it.uniba.test.java.it.uniba.testCases.PieceTest.PawnTest]/[method:moveWhiteTest()]
display-name: moveWhiteTest()
]]></system-out>
</testcase>
<testcase name="captureTest()" classname="it.uniba.test.java.it.uniba.testCases.PieceTest.PawnTest" time="0">
<system-out><![CDATA[
unique-id: [engine:junit-jupiter]/[class:it.uniba.test.java.it.uniba.testCases.PieceTest.PawnTest]/[method:captureTest()]
display-name: captureTest()
]]></system-out>
</testcase>
<testcase name="getIconWhiteTest()" classname="it.uniba.test.java.it.uniba.testCases.PieceTest.PawnTest" time="0">
<system-out><![CDATA[
unique-id: [engine:junit-jupiter]/[class:it.uniba.test.java.it.uniba.testCases.PieceTest.PawnTest]/[method:getIconWhiteTest()]
display-name: getIconWhiteTest()
]]></system-out>
</testcase>
<testcase name="moveWhiteDiagonalTest()" classname="it.uniba.test.java.it.uniba.testCases.PieceTest.PawnTest" time="0.001">
<system-out><![CDATA[
unique-id: [engine:junit-jupiter]/[class:it.uniba.test.java.it.uniba.testCases.PieceTest.PawnTest]/[method:moveWhiteDiagonalTest()]
display-name: moveWhiteDiagonalTest()
]]></system-out>
</testcase>
<testcase name="getCastWhiteTest()" classname="it.uniba.test.java.it.uniba.testCases.ChecksTest.CmdStringTest" time="0">
<system-out><![CDATA[
unique-id: [engine:junit-jupiter]/[class:it.uniba.test.java.it.uniba.testCases.ChecksTest.CmdStringTest]/[method:getCastWhiteTest()]
display-name: getCastWhiteTest()
]]></system-out>
</testcase>
<testcase name="getCastBlackTest()" classname="it.uniba.test.java.it.uniba.testCases.ChecksTest.CmdStringTest" time="0">
<system-out><![CDATA[
unique-id: [engine:junit-jupiter]/[class:it.uniba.test.java.it.uniba.testCases.ChecksTest.CmdStringTest]/[method:getCastBlackTest()]
display-name: getCastBlackTest()
]]></system-out>
</testcase>
<testcase name="moveWhiteCaptureTest()" classname="it.uniba.test.java.it.uniba.testCases.PieceTest.BishopTest" time="0">
<system-out><![CDATA[
unique-id: [engine:junit-jupiter]/[class:it.uniba.test.java.it.uniba.testCases.PieceTest.BishopTest]/[method:moveWhiteCaptureTest()]
display-name: moveWhiteCaptureTest()
]]></system-out>
</testcase>
<testcase name="moveBlackTest()" classname="it.uniba.test.java.it.uniba.testCases.PieceTest.BishopTest" time="0">
<system-out><![CDATA[
unique-id: [engine:junit-jupiter]/[class:it.uniba.test.java.it.uniba.testCases.PieceTest.BishopTest]/[method:moveBlackTest()]
display-name: moveBlackTest()
]]></system-out>
</testcase>
<testcase name="moveBlackCaptureTest()" classname="it.uniba.test.java.it.uniba.testCases.PieceTest.BishopTest" time="0">
<system-out><![CDATA[
unique-id: [engine:junit-jupiter]/[class:it.uniba.test.java.it.uniba.testCases.PieceTest.BishopTest]/[method:moveBlackCaptureTest()]
display-name: moveBlackCaptureTest()
]]></system-out>
</testcase>
<testcase name="getIconBlackTest()" classname="it.uniba.test.java.it.uniba.testCases.PieceTest.BishopTest" time="0">
<system-out><![CDATA[
unique-id: [engine:junit-jupiter]/[class:it.uniba.test.java.it.uniba.testCases.PieceTest.BishopTest]/[method:getIconBlackTest()]
display-name: getIconBlackTest()
]]></system-out>
</testcase>
<testcase name="getValuePointTest()" classname="it.uniba.test.java.it.uniba.testCases.PieceTest.BishopTest" time="0">
<system-out><![CDATA[
unique-id: [engine:junit-jupiter]/[class:it.uniba.test.java.it.uniba.testCases.PieceTest.BishopTest]/[method:getValuePointTest()]
display-name: getValuePointTest()
]]></system-out>
</testcase>
<testcase name="moveWhiteTest()" classname="it.uniba.test.java.it.uniba.testCases.PieceTest.BishopTest" time="0">
<system-out><![CDATA[
unique-id: [engine:junit-jupiter]/[class:it.uniba.test.java.it.uniba.testCases.PieceTest.BishopTest]/[method:moveWhiteTest()]
display-name: moveWhiteTest()
]]></system-out>
</testcase>
<testcase name="getIconWhiteTest()" classname="it.uniba.test.java.it.uniba.testCases.PieceTest.BishopTest" time="0">
<system-out><![CDATA[
unique-id: [engine:junit-jupiter]/[class:it.uniba.test.java.it.uniba.testCases.PieceTest.BishopTest]/[method:getIconWhiteTest()]
display-name: getIconWhiteTest()
]]></system-out>
</testcase>
<testcase name="moveBlackTest()" classname="it.uniba.test.java.it.uniba.testCases.PieceTest.KnightTest" time="0">
<system-out><![CDATA[
unique-id: [engine:junit-jupiter]/[class:it.uniba.test.java.it.uniba.testCases.PieceTest.KnightTest]/[method:moveBlackTest()]
display-name: moveBlackTest()
]]></system-out>
</testcase>
<testcase name="getIconBlackTest()" classname="it.uniba.test.java.it.uniba.testCases.PieceTest.KnightTest" time="0">
<system-out><![CDATA[
unique-id: [engine:junit-jupiter]/[class:it.uniba.test.java.it.uniba.testCases.PieceTest.KnightTest]/[method:getIconBlackTest()]
display-name: getIconBlackTest()
]]></system-out>
</testcase>
<testcase name="getValuePointTest()" classname="it.uniba.test.java.it.uniba.testCases.PieceTest.KnightTest" time="0">
<system-out><![CDATA[
unique-id: [engine:junit-jupiter]/[class:it.uniba.test.java.it.uniba.testCases.PieceTest.KnightTest]/[method:getValuePointTest()]
display-name: getValuePointTest()
]]></system-out>
</testcase>
<testcase name="moveWhiteTest()" classname="it.uniba.test.java.it.uniba.testCases.PieceTest.KnightTest" time="0">
<system-out><![CDATA[
unique-id: [engine:junit-jupiter]/[class:it.uniba.test.java.it.uniba.testCases.PieceTest.KnightTest]/[method:moveWhiteTest()]
display-name: moveWhiteTest()
]]></system-out>
</testcase>
<testcase name="getIconWhiteTest()" classname="it.uniba.test.java.it.uniba.testCases.PieceTest.KnightTest" time="0">
<system-out><![CDATA[
unique-id: [engine:junit-jupiter]/[class:it.uniba.test.java.it.uniba.testCases.PieceTest.KnightTest]/[method:getIconWhiteTest()]
display-name: getIconWhiteTest()
]]></system-out>
</testcase>
<testcase name="enterCommandTest()" classname="it.uniba.test.java.it.uniba.testCases.CommandTest.CommandTest" time="0.003">
<system-out><![CDATA[
unique-id: [engine:junit-jupiter]/[class:it.uniba.test.java.it.uniba.testCases.CommandTest.CommandTest]/[method:enterCommandTest()]
display-name: enterCommandTest()
]]></system-out>
</testcase>
<testcase name="menuTest()" classname="it.uniba.test.java.it.uniba.testCases.CommandTest.CommandTest" time="0">
<system-out><![CDATA[
unique-id: [engine:junit-jupiter]/[class:it.uniba.test.java.it.uniba.testCases.CommandTest.CommandTest]/[method:menuTest()]
display-name: menuTest()
]]></system-out>
</testcase>
<testcase name="historyTest()" classname="it.uniba.test.java.it.uniba.testCases.CommandTest.CommandTest" time="0">
<system-out><![CDATA[
unique-id: [engine:junit-jupiter]/[class:it.uniba.test.java.it.uniba.testCases.CommandTest.CommandTest]/[method:historyTest()]
display-name: historyTest()
]]></system-out>
</testcase>
<testcase name="capturedTest()" classname="it.uniba.test.java.it.uniba.testCases.CommandTest.CommandTest" time="0">
<system-out><![CDATA[
unique-id: [engine:junit-jupiter]/[class:it.uniba.test.java.it.uniba.testCases.CommandTest.CommandTest]/[method:capturedTest()]
display-name: capturedTest()
]]></system-out>
</testcase>
<testcase name="commandListTest1()" classname="it.uniba.test.java.it.uniba.testCases.CommandTest.CommandTest" time="0">
<system-out><![CDATA[
unique-id: [engine:junit-jupiter]/[class:it.uniba.test.java.it.uniba.testCases.CommandTest.CommandTest]/[method:commandListTest1()]
display-name: commandListTest1()
]]></system-out>
</testcase>
<testcase name="commandListTest3()" classname="it.uniba.test.java.it.uniba.testCases.CommandTest.CommandTest" time="0">
<system-out><![CDATA[
unique-id: [engine:junit-jupiter]/[class:it.uniba.test.java.it.uniba.testCases.CommandTest.CommandTest]/[method:commandListTest3()]
display-name: commandListTest3()
]]></system-out>
</testcase>
<testcase name="commandListTest5()" classname="it.uniba.test.java.it.uniba.testCases.CommandTest.CommandTest" time="0">
<system-out><![CDATA[
unique-id: [engine:junit-jupiter]/[class:it.uniba.test.java.it.uniba.testCases.CommandTest.CommandTest]/[method:commandListTest5()]
display-name: commandListTest5()
]]></system-out>
</testcase>
<testcase name="commandListTest6()" classname="it.uniba.test.java.it.uniba.testCases.CommandTest.CommandTest" time="0">
<system-out><![CDATA[
unique-id: [engine:junit-jupiter]/[class:it.uniba.test.java.it.uniba.testCases.CommandTest.CommandTest]/[method:commandListTest6()]
display-name: commandListTest6()
]]></system-out>
</testcase>
<testcase name="moveBlackTest()" classname="it.uniba.test.java.it.uniba.testCases.PieceTest.RookTest" time="0">
<system-out><![CDATA[
unique-id: [engine:junit-jupiter]/[class:it.uniba.test.java.it.uniba.testCases.PieceTest.RookTest]/[method:moveBlackTest()]
display-name: moveBlackTest()
]]></system-out>
</testcase>
<testcase name="getIconBlackTest()" classname="it.uniba.test.java.it.uniba.testCases.PieceTest.RookTest" time="0">
<system-out><![CDATA[
unique-id: [engine:junit-jupiter]/[class:it.uniba.test.java.it.uniba.testCases.PieceTest.RookTest]/[method:getIconBlackTest()]
display-name: getIconBlackTest()
]]></system-out>
</testcase>
<testcase name="getValuePointTest()" classname="it.uniba.test.java.it.uniba.testCases.PieceTest.RookTest" time="0">
<system-out><![CDATA[
unique-id: [engine:junit-jupiter]/[class:it.uniba.test.java.it.uniba.testCases.PieceTest.RookTest]/[method:getValuePointTest()]
display-name: getValuePointTest()
]]></system-out>
</testcase>
<testcase name="moveWhiteTest()" classname="it.uniba.test.java.it.uniba.testCases.PieceTest.RookTest" time="0">
<system-out><![CDATA[
unique-id: [engine:junit-jupiter]/[class:it.uniba.test.java.it.uniba.testCases.PieceTest.RookTest]/[method:moveWhiteTest()]
display-name: moveWhiteTest()
]]></system-out>
</testcase>
<testcase name="getIconWhiteTest()" classname="it.uniba.test.java.it.uniba.testCases.PieceTest.RookTest" time="0">
<system-out><![CDATA[
unique-id: [engine:junit-jupiter]/[class:it.uniba.test.java.it.uniba.testCases.PieceTest.RookTest]/[method:getIconWhiteTest()]
display-name: getIconWhiteTest()
]]></system-out>
</testcase>
<testcase name="displayTest()" classname="it.uniba.test.java.it.uniba.testCases.ChessboardTest.ChessboardTest" time="0.001">
<system-out><![CDATA[
unique-id: [engine:junit-jupiter]/[class:it.uniba.test.java.it.uniba.testCases.ChessboardTest.ChessboardTest]/[method:displayTest()]
display-name: displayTest()
]]></system-out>
</testcase>
<testcase name="setPositionTest()" classname="it.uniba.test.java.it.uniba.testCases.PieceTest.PieceTest" time="0">
<system-out><![CDATA[
unique-id: [engine:junit-jupiter]/[class:it.uniba.test.java.it.uniba.testCases.PieceTest.PieceTest]/[method:setPositionTest()]
display-name: setPositionTest()
]]></system-out>
</testcase>
<testcase name="getTurnLastMoveTest()" classname="it.uniba.test.java.it.uniba.testCases.PieceTest.PieceTest" time="0">
<system-out><![CDATA[
unique-id: [engine:junit-jupiter]/[class:it.uniba.test.java.it.uniba.testCases.PieceTest.PieceTest]/[method:getTurnLastMoveTest()]
display-name: getTurnLastMoveTest()
]]></system-out>
</testcase>
<testcase name="getEnCapturesTest()" classname="it.uniba.test.java.it.uniba.testCases.PieceTest.PieceTest" time="0">
<system-out><![CDATA[
unique-id: [engine:junit-jupiter]/[class:it.uniba.test.java.it.uniba.testCases.PieceTest.PieceTest]/[method:getEnCapturesTest()]
display-name: getEnCapturesTest()
]]></system-out>
</testcase>
<testcase name="setColorTest()" classname="it.uniba.test.java.it.uniba.testCases.PieceTest.PieceTest" time="0">
<system-out><![CDATA[
unique-id: [engine:junit-jupiter]/[class:it.uniba.test.java.it.uniba.testCases.PieceTest.PieceTest]/[method:setColorTest()]
display-name: setColorTest()
]]></system-out>
</testcase>
<testcase name="getNameTest()" classname="it.uniba.test.java.it.uniba.testCases.PieceTest.PieceTest" time="0">
<system-out><![CDATA[
unique-id: [engine:junit-jupiter]/[class:it.uniba.test.java.it.uniba.testCases.PieceTest.PieceTest]/[method:getNameTest()]
display-name: getNameTest()
]]></system-out>
</testcase>
<testcase name="getValidCapturesTest()" classname="it.uniba.test.java.it.uniba.testCases.PieceTest.PieceTest" time="0">
<system-out><![CDATA[
unique-id: [engine:junit-jupiter]/[class:it.uniba.test.java.it.uniba.testCases.PieceTest.PieceTest]/[method:getValidCapturesTest()]
display-name: getValidCapturesTest()
]]></system-out>
</testcase>
<testcase name="getValuePointTest()" classname="it.uniba.test.java.it.uniba.testCases.PieceTest.PieceTest" time="0">
<system-out><![CDATA[
unique-id: [engine:junit-jupiter]/[class:it.uniba.test.java.it.uniba.testCases.PieceTest.PieceTest]/[method:getValuePointTest()]
display-name: getValuePointTest()
]]></system-out>
</testcase>
<testcase name="getCapturesListTest()" classname="it.uniba.test.java.it.uniba.testCases.PieceTest.PieceTest" time="0">
<system-out><![CDATA[
unique-id: [engine:junit-jupiter]/[class:it.uniba.test.java.it.uniba.testCases.PieceTest.PieceTest]/[method:getCapturesListTest()]
display-name: getCapturesListTest()
]]></system-out>
</testcase>
<testcase name="moveTest()" classname="it.uniba.test.java.it.uniba.testCases.PieceTest.PieceTest" time="0">
<system-out><![CDATA[
unique-id: [engine:junit-jupiter]/[class:it.uniba.test.java.it.uniba.testCases.PieceTest.PieceTest]/[method:moveTest()]
display-name: moveTest()
]]></system-out>
</testcase>
<testcase name="captureTest()" classname="it.uniba.test.java.it.uniba.testCases.PieceTest.PieceTest" time="0">
<system-out><![CDATA[
unique-id: [engine:junit-jupiter]/[class:it.uniba.test.java.it.uniba.testCases.PieceTest.PieceTest]/[method:captureTest()]
display-name: captureTest()
]]></system-out>
</testcase>
<testcase name="setMovesCountTest()" classname="it.uniba.test.java.it.uniba.testCases.PieceTest.PieceTest" time="0">
<system-out><![CDATA[
unique-id: [engine:junit-jupiter]/[class:it.uniba.test.java.it.uniba.testCases.PieceTest.PieceTest]/[method:setMovesCountTest()]
display-name: setMovesCountTest()
]]></system-out>
</testcase>
<testcase name="setTurnLastMoveTest()" classname="it.uniba.test.java.it.uniba.testCases.PieceTest.PieceTest" time="0">
<system-out><![CDATA[
unique-id: [engine:junit-jupiter]/[class:it.uniba.test.java.it.uniba.testCases.PieceTest.PieceTest]/[method:setTurnLastMoveTest()]
display-name: setTurnLastMoveTest()
]]></system-out>
</testcase>
<testcase name="getIconTest()" classname="it.uniba.test.java.it.uniba.testCases.PieceTest.PieceTest" time="0.001">
<system-out><![CDATA[
unique-id: [engine:junit-jupiter]/[class:it.uniba.test.java.it.uniba.testCases.PieceTest.PieceTest]/[method:getIconTest()]
display-name: getIconTest()
]]></system-out>
</testcase>
<testcase name="getMovesCountTest()" classname="it.uniba.test.java.it.uniba.testCases.PieceTest.PieceTest" time="0">
<system-out><![CDATA[
unique-id: [engine:junit-jupiter]/[class:it.uniba.test.java.it.uniba.testCases.PieceTest.PieceTest]/[method:getMovesCountTest()]
display-name: getMovesCountTest()
]]></system-out>
</testcase>
<testcase name="getPositionTest()" classname="it.uniba.test.java.it.uniba.testCases.PieceTest.PieceTest" time="0">
<system-out><![CDATA[
unique-id: [engine:junit-jupiter]/[class:it.uniba.test.java.it.uniba.testCases.PieceTest.PieceTest]/[method:getPositionTest()]
display-name: getPositionTest()
]]></system-out>
</testcase>
<testcase name="getEnCapturesListTest()" classname="it.uniba.test.java.it.uniba.testCases.PieceTest.PieceTest" time="0">
<system-out><![CDATA[
unique-id: [engine:junit-jupiter]/[class:it.uniba.test.java.it.uniba.testCases.PieceTest.PieceTest]/[method:getEnCapturesListTest()]
display-name: getEnCapturesListTest()
]]></system-out>
</testcase>
<testcase name="getColorTest()" classname="it.uniba.test.java.it.uniba.testCases.PieceTest.PieceTest" time="0">
<system-out><![CDATA[
unique-id: [engine:junit-jupiter]/[class:it.uniba.test.java.it.uniba.testCases.PieceTest.PieceTest]/[method:getColorTest()]
display-name: getColorTest()
]]></system-out>
</testcase>
<system-out><![CDATA[
unique-id: [engine:junit-jupiter]
display-name: JUnit Jupiter
]]></system-out>
</testsuite>
